<?xml version="1.0" encoding="UTF-8"?>
<!-- Generated by org.testng.reporters.JUnitXMLReporter -->
<testsuite ignored="0" hostname="Prasad" failures="0" tests="21" name="Test" time="0.091" errors="0" timestamp="2023-10-13T14:57:08 IST">
  <testcase classname="Testng.CreateCustomer" name="create" time="0.007"/>
  <testcase classname="Testng.CreateCustomer" name="delete" time="0.001"/>
  <testcase classname="Testng.CreateCustomer" name="modify" time="0.001"/>
  <testcase classname="Testng.CreateCustomer" name="modify" time="0.002"/>
  <testcase classname="Testng.CreateCustomer" name="modify" time="0.001"/>
  <testcase classname="Testng.CreateCustomer" name="modify" time="0.001"/>
  <testcase classname="Testng.CreateCustomer" name="modify" time="0.0"/>
  <testcase classname="Testng.ModifyCustomer" name="create" time="0.001"/>
  <testcase classname="Testng.ModifyCustomer" name="delete" time="0.001"/>
  <testcase classname="Testng.ModifyCustomer" name="modify" time="0.002"/>
  <testcase classname="Testng.ModifyCustomer" name="modify" time="0.001"/>
  <testcase classname="Testng.ModifyCustomer" name="modify" time="0.0"/>
  <testcase classname="Testng.ModifyCustomer" name="modify" time="0.001"/>
  <testcase classname="Testng.ModifyCustomer" name="modify" time="0.001"/>
  <testcase classname="Testng.DeleteCustomer" name="create" time="0.001"/>
  <testcase classname="Testng.DeleteCustomer" name="delete" time="0.001"/>
  <testcase classname="Testng.DeleteCustomer" name="modify" time="0.002"/>
  <testcase classname="Testng.DeleteCustomer" name="modify" time="0.001"/>
  <testcase classname="Testng.DeleteCustomer" name="modify" time="0.001"/>
  <testcase classname="Testng.DeleteCustomer" name="modify" time="0.001"/>
  <testcase classname="Testng.DeleteCustomer" name="modify" time="0.001"/>
</testsuite> <!-- Test -->
